<?xml version="1.0" encoding="UTF-8"?>
<!-- Generated by org.testng.reporters.JUnitReportReporter -->
<testsuite hostname="Ananya-PC" failures="0" tests="1" name="hybrid_frame.employeelist_Add" time="79.597" errors="0" timestamp="2021-03-03T17:35:45 IST" skipped="0">
  <testcase classname="hybrid_frame.employeelist_Add" name="edit_emploee" time="79.597"/>
  <system-out/>
</testsuite> <!-- hybrid_frame.employeelist_Add -->
